<?xml version="1.0" encoding="UTF-8"?>
<testsuite xmlns:xsi="http://www.w3.org/2001/XMLSchema-instance" xsi:noNamespaceSchemaLocation="https://maven.apache.org/surefire/maven-surefire-plugin/xsd/surefire-test-report.xsd" name="modirum.seleniumtest.features.LoginLogoutAcceptanceTests" time="5.685" tests="13" errors="0" skipped="13" failures="0">
  <properties>
[...]
</properties>
  <testcase name="Login with different username and password combinations" classname="Login page" time="0">
    <skipped message="The step &quot;I have opened the URL&quot; is undefined"/>
    <system-out><![CDATA[@loginFeature
Feature: Login page
  In order to be hired at your comapny
  As an Automation Engineer
  I want to be able to login and logout in a page I designed and developed using Java

  @loginFeature @loginUXCases
  Scenario: Login with different username and password combinations &amp#27;[90m# src/test/resources/features/login_logout/login_logout.feature:47&amp#27;[0m
    &amp#27;[33mGiven &amp#27;[0m&amp#27;[33mI have opened the URL&amp#27;[0m                                     &amp#27;[90m# null&amp#27;[0m
    &amp#27;[33mWhen &amp#27;[0m&amp#27;[33mI enter the username 'rosamair' and password 'chua'&amp#27;[0m        &amp#27;[90m# null&amp#27;[0m
    &amp#27;[33mThen &amp#27;[0m&amp#27;[33mI should be able to login and logout&amp#27;[0m                       &amp#27;[90m# null&amp#27;[0m
    &amp#27;[33mWhen &amp#27;[0m&amp#27;[33mI enter the username 'raprap' and password 'aaa'&amp#27;[0m           &amp#27;[90m# null&amp#27;[0m
    &amp#27;[33mThen &amp#27;[0m&amp#27;[33mI should not see the home page&amp#27;[0m                             &amp#27;[90m# null&amp#27;[0m
    &amp#27;[33mWhen &amp#27;[0m&amp#27;[33mI enter the username 'raprap' and password 'amparo'&amp#27;[0m        &amp#27;[90m# null&amp#27;[0m
    &amp#27;[33mThen &amp#27;[0m&amp#27;[33mI should be able to login and logout&amp#27;[0m                       &amp#27;[90m# null&amp#27;[0m
    &amp#27;[33mWhen &amp#27;[0m&amp#27;[33mI enter the username 'raprapa' and password 'amparo'&amp#27;[0m       &amp#27;[90m# null&amp#27;[0m
    &amp#27;[33mThen &amp#27;[0m&amp#27;[33mI should not see the home page&amp#27;[0m                             &amp#27;[90m# null&amp#27;[0m
    &amp#27;[33mWhen &amp#27;[0m&amp#27;[33mI enter the username ' raprap' and password 'amparo'&amp#27;[0m       &amp#27;[90m# null&amp#27;[0m
    &amp#27;[33mThen &amp#27;[0m&amp#27;[33mI should not see the home page&amp#27;[0m                             &amp#27;[90m# null&amp#27;[0m
    &amp#27;[33mWhen &amp#27;[0m&amp#27;[33mI enter the username 'raprap' and password 'amparo '&amp#27;[0m       &amp#27;[90m# null&amp#27;[0m
    &amp#27;[33mThen &amp#27;[0m&amp#27;[33mI should not see the home page&amp#27;[0m                             &amp#27;[90m# null&amp#27;[0m
]]></system-out>
    <system-err><![CDATA[[main] INFO net.thucydides.core.steps.ConsoleLoggingListener - &amp#27;[36m

-------------------------------------------------------------------------------------
     _______. _______ .______       _______ .__   __.  __  .___________.____    ____ 
    /       ||   ____||   _  \     |   ____||  \ |  | |  | |           |\   \  /   / 
   |   (----`|  |__   |  |_)  |    |  |__   |   \|  | |  | `---|  |----` \   \/   /  
    \   \    |   __|  |      /     |   __|  |  . `  | |  |     |  |       \_    _/   
.----)   |   |  |____ |  |\  \----.|  |____ |  |\   | |  |     |  |         |  |     
|_______/    |_______|| _| `._____||_______||__| \__| |__|     |__|         |__|    
                                                                                     
 News and tutorials at http://www.serenity-bdd.info                                  
 Documentation at https://wakaleo.gitbooks.io/the-serenity-book/content/             
 Join the Serenity Community on Rocket Chat at https://serenity-bdd.rocket.chat      
 Serenity BDD Support and Training at http://serenity-bdd.info/#/trainingandsupport  
 Learn Serenity BDD online at http://serenity-dojo.com                               
-------------------------------------------------------------------------------------
&amp#27;[0m
[main] INFO net.thucydides.core.steps.ConsoleLoggingListener - Test Suite Started: Login page
[main] INFO net.thucydides.core.steps.ConsoleLoggingListener - 
 _____ _____ ____ _____   ____ _____  _    ____ _____ _____ ____  
|_   _| ____/ ___|_   _| / ___|_   _|/ \  |  _ \_   _| ____|  _ \ 
  | | |  _| \___ \ | |   \___ \ | | / _ \ | |_) || | |  _| | | | |
  | | | |___ ___) || |    ___) || |/ ___ \|  _ < | | | |___| |_| |
  |_| |_____|____/ |_|   |____/ |_/_/   \_\_| \_\|_| |_____|____/ 
                                                                  

TEST STARTED: Login with different username and password combinations
-------------------------------------------------------------------(login-page;login-with-different-username-and-password-combinations)
[main] INFO net.thucydides.core.steps.ConsoleLoggingListener - TEST PENDING
[main] INFO net.thucydides.core.steps.ConsoleLoggingListener - TEST PENDING
[main] INFO net.thucydides.core.steps.ConsoleLoggingListener - TEST PENDING
[main] INFO net.thucydides.core.steps.ConsoleLoggingListener - TEST PENDING
[main] INFO net.thucydides.core.steps.ConsoleLoggingListener - TEST PENDING
[main] INFO net.thucydides.core.steps.ConsoleLoggingListener - TEST PENDING
[main] INFO net.thucydides.core.steps.ConsoleLoggingListener - TEST PENDING
[main] INFO net.thucydides.core.steps.ConsoleLoggingListener - TEST PENDING
[main] INFO net.thucydides.core.steps.ConsoleLoggingListener - TEST PENDING
[main] INFO net.thucydides.core.steps.ConsoleLoggingListener - TEST PENDING
[main] INFO net.thucydides.core.steps.ConsoleLoggingListener - TEST PENDING
[main] INFO net.thucydides.core.steps.ConsoleLoggingListener - TEST PENDING
[main] INFO net.thucydides.core.steps.ConsoleLoggingListener - TEST PENDING
[main] INFO net.thucydides.core.steps.ConsoleLoggingListener - 
          __  _____ _____ ____ _____   ____  _____ _   _ ____ ___ _   _  ____ 
 _       / / |_   _| ____/ ___|_   _| |  _ \| ____| \ | |  _ \_ _| \ | |/ ___|
(_)____ / /    | | |  _| \___ \ | |   | |_) |  _| |  \| | | | | ||  \| | |  _ 
 |_____/ /     | | | |___ ___) || |   |  __/| |___| |\  | |_| | || |\  | |_| |
(_)   /_/      |_| |_____|____/ |_|   |_|   |_____|_| \_|____/___|_| \_|\____|
                                                                                

TEST PENDING: Login with different username and password combinations
---------------------------------------------------------------------------------
]]></system-err>
  </testcase>
  <testcase name="Login with different username and password combinations" classname="Login page" time="0">
    <skipped message="The step &quot;I enter the username &apos;rosamair&apos; and password &apos;chua&apos;&quot; is undefined"/>
  </testcase>
  <testcase name="Login with different username and password combinations" classname="Login page" time="0">
    <skipped message="The step &quot;I should be able to login and logout&quot; is undefined"/>
  </testcase>
  <testcase name="Login with different username and password combinations" classname="Login page" time="0">
    <skipped message="The step &quot;I enter the username &apos;raprap&apos; and password &apos;aaa&apos;&quot; is undefined"/>
  </testcase>
  <testcase name="Login with different username and password combinations" classname="Login page" time="0">
    <skipped message="The step &quot;I should not see the home page&quot; is undefined"/>
  </testcase>
  <testcase name="Login with different username and password combinations" classname="Login page" time="0">
    <skipped message="The step &quot;I enter the username &apos;raprap&apos; and password &apos;amparo&apos;&quot; is undefined"/>
  </testcase>
  <testcase name="Login with different username and password combinations" classname="Login page" time="0">
    <skipped message="The step &quot;I should be able to login and logout&quot; is undefined"/>
  </testcase>
  <testcase name="Login with different username and password combinations" classname="Login page" time="0">
    <skipped message="The step &quot;I enter the username &apos;raprapa&apos; and password &apos;amparo&apos;&quot; is undefined"/>
  </testcase>
  <testcase name="Login with different username and password combinations" classname="Login page" time="0">
    <skipped message="The step &quot;I should not see the home page&quot; is undefined"/>
  </testcase>
  <testcase name="Login with different username and password combinations" classname="Login page" time="0">
    <skipped message="The step &quot;I enter the username &apos; raprap&apos; and password &apos;amparo&apos;&quot; is undefined"/>
  </testcase>
  <testcase name="Login with different username and password combinations" classname="Login page" time="0">
    <skipped message="The step &quot;I should not see the home page&quot; is undefined"/>
  </testcase>
  <testcase name="Login with different username and password combinations" classname="Login page" time="0">
    <skipped message="The step &quot;I enter the username &apos;raprap&apos; and password &apos;amparo &apos;&quot; is undefined"/>
  </testcase>
  <testcase name="Login with different username and password combinations" classname="Login page" time="0">
    <skipped message="The step &quot;I should not see the home page&quot; is undefined"/>
  </testcase>
</testsuite>